TN:
SF:/Users/juanhernandez/Desktop/Udemy-Testing-Angular-4-previously-Angular-2-Apps-with-Jasmine/testing-demo/src/test.ts
FN:22,(anonymous_1)
FNF:1
FNH:1
FNDA:1,(anonymous_1)
DA:3,1
DA:5,1
DA:6,1
DA:7,1
DA:8,1
DA:9,1
DA:10,1
DA:11,1
DA:12,1
DA:22,1
DA:25,1
DA:30,1
DA:32,1
DA:34,1
LF:14
LH:14
BRF:0
BRH:0
end_of_record
TN:
SF:/Users/juanhernandez/Desktop/Udemy-Testing-Angular-4-previously-Angular-2-Apps-with-Jasmine/testing-demo/src/polyfills.ts
FNF:0
FNH:0
DA:3,1
DA:4,1
DA:5,1
DA:6,1
DA:7,1
DA:8,1
DA:9,1
DA:10,1
DA:11,1
DA:12,1
DA:13,1
DA:14,1
DA:15,1
DA:16,1
DA:18,1
DA:19,1
LF:16
LH:16
BRF:0
BRH:0
end_of_record
TN:
SF:/Users/juanhernandez/Desktop/Udemy-Testing-Angular-4-previously-Angular-2-Apps-with-Jasmine/testing-demo/src/app/01-fundamentals/compute.ts
FN:2,compute
FNF:1
FNH:1
FNDA:2,compute
DA:2,1
DA:3,2
DA:4,1
DA:6,1
LF:4
LH:4
BRDA:3,1,0,1
BRDA:3,1,1,1
BRF:2
BRH:2
end_of_record
TN:
SF:/Users/juanhernandez/Desktop/Udemy-Testing-Angular-4-previously-Angular-2-Apps-with-Jasmine/testing-demo/src/app/02-arrays-and-strings/getCurrencies.ts
FN:2,getCurrencies
FNF:1
FNH:1
FNDA:1,getCurrencies
DA:2,1
DA:3,1
LF:2
LH:2
BRF:0
BRH:0
end_of_record
TN:
SF:/Users/juanhernandez/Desktop/Udemy-Testing-Angular-4-previously-Angular-2-Apps-with-Jasmine/testing-demo/src/app/02-arrays-and-strings/greet.ts
FN:2,greet
FNF:1
FNH:1
FNDA:1,greet
DA:2,1
DA:3,1
LF:2
LH:2
BRF:0
BRH:0
end_of_record
TN:
SF:/Users/juanhernandez/Desktop/Udemy-Testing-Angular-4-previously-Angular-2-Apps-with-Jasmine/testing-demo/src/app/03-setup-and-teardown/vote.component.ts
FN:2,(anonymous_1)
FN:5,(anonymous_3)
FN:9,(anonymous_4)
FNF:3
FNH:3
FNDA:3,(anonymous_1)
FNDA:1,(anonymous_3)
FNDA:1,(anonymous_4)
DA:2,2
DA:3,2
DA:5,1
DA:6,1
DA:9,1
DA:10,1
DA:12,1
LF:7
LH:7
BRF:0
BRH:0
end_of_record
TN:
SF:/Users/juanhernandez/Desktop/Udemy-Testing-Angular-4-previously-Angular-2-Apps-with-Jasmine/testing-demo/src/app/04-forms/todo-form.component.ts
FN:4,(anonymous_1)
FN:7,TodoFormComponent
FNF:2
FNH:2
FNDA:1,(anonymous_1)
FNDA:2,TodoFormComponent
DA:2,1
DA:4,1
DA:7,1
DA:8,2
DA:13,1
LF:5
LH:5
BRF:0
BRH:0
end_of_record
TN:
SF:/Users/juanhernandez/Desktop/Udemy-Testing-Angular-4-previously-Angular-2-Apps-with-Jasmine/testing-demo/src/app/05-event-emitters/vote.component.ts
FN:4,(anonymous_1)
FN:8,(anonymous_3)
FNF:2
FNH:2
FNDA:2,(anonymous_1)
FNDA:1,(anonymous_3)
DA:2,1
DA:4,2
DA:5,1
DA:6,1
DA:8,1
DA:9,1
DA:10,1
DA:12,1
LF:8
LH:8
BRF:0
BRH:0
end_of_record
TN:
SF:/Users/juanhernandez/Desktop/Udemy-Testing-Angular-4-previously-Angular-2-Apps-with-Jasmine/testing-demo/src/app/06-services/todos.component.ts
FN:4,(anonymous_1)
FN:8,TodosComponent
FN:10,(anonymous_3)
FN:11,(anonymous_4)
FN:14,(anonymous_5)
FN:17,(anonymous_6)
FN:18,(anonymous_7)
FN:21,(anonymous_8)
FNF:8
FNH:8
FNDA:1,(anonymous_1)
FNDA:5,TodosComponent
FNDA:1,(anonymous_3)
FNDA:1,(anonymous_4)
FNDA:3,(anonymous_5)
FNDA:1,(anonymous_6)
FNDA:1,(anonymous_7)
FNDA:1,(anonymous_8)
DA:4,1
DA:5,5
DA:8,5
DA:10,2
DA:11,1
DA:14,4
DA:15,3
DA:16,3
DA:17,1
DA:18,1
DA:21,1
DA:22,1
DA:23,0
DA:25,1
LF:14
LH:13
BRDA:22,1,0,0
BRDA:22,1,1,1
BRF:2
BRH:1
end_of_record
TN:
SF:/Users/juanhernandez/Desktop/Udemy-Testing-Angular-4-previously-Angular-2-Apps-with-Jasmine/testing-demo/src/app/06-services/todo.service.ts
FN:5,(anonymous_1)
FN:6,TodoService
FN:9,(anonymous_3)
FN:10,(anonymous_4)
FN:13,(anonymous_5)
FN:14,(anonymous_6)
FN:17,(anonymous_7)
FN:18,(anonymous_8)
FNF:8
FNH:2
FNDA:1,(anonymous_1)
FNDA:5,TodoService
FNDA:0,(anonymous_3)
FNDA:0,(anonymous_4)
FNDA:0,(anonymous_5)
FNDA:0,(anonymous_6)
FNDA:0,(anonymous_7)
FNDA:0,(anonymous_8)
DA:3,1
DA:5,1
DA:6,5
DA:9,1
DA:10,0
DA:13,1
DA:14,0
DA:17,1
DA:18,0
DA:20,1
LF:10
LH:7
BRF:0
BRH:0
end_of_record
